<testsuites tests="11" errors="0" failures="0" time="1.113">
<testsuite name="DELETE /contacts dado que eu tenho um contato indesejado" tests="2" skipped="0" errors="0" time="0.066">
<testcase classname="DELETE /contacts dado que eu tenho um contato indesejado" name="quando eu apago esse contato" time="0.064">

    </testcase>
<testcase classname="DELETE /contacts dado que eu tenho um contato indesejado" name="deve retornar 204" time="0.002">

    </testcase>
</testsuite>
<testsuite name="GET /contacts" tests="2" skipped="0" errors="0" time="0.001">
<testcase classname="GET /contacts" name="deve retornar 200" time="0.001">

    </testcase>
<testcase classname="GET /contacts" name="deve retornar uma lista" time="0">

    </testcase>
</testsuite>
<testsuite name="POST /contacts quando realizo uma requisição post" tests="2" skipped="0" errors="0" time="0.001">
<testcase classname="POST /contacts quando realizo uma requisição post" name="deve retornar 200" time="0">

    </testcase>
<testcase classname="POST /contacts quando realizo uma requisição post" name="deve retornar o id" time="0.001">

    </testcase>
</testsuite>
<testsuite name="POST /contacts quando o payload é nulo" tests="1" skipped="0" errors="0" time="0">
<testcase classname="POST /contacts quando o payload é nulo" name="deve retornar 400" time="0">

    </testcase>
</testsuite>
<testsuite name="POST /contacts quando o payload não tem os campos preenchidos" tests="4" skipped="0" errors="0" time="0.012">
<testcase classname="POST /contacts quando o payload não tem os campos preenchidos" name="deve retornar 409" time="0.005">

    </testcase>
<testcase classname="POST /contacts quando o payload não tem os campos preenchidos" name="deve retornar 409" time="0.003">

    </testcase>
<testcase classname="POST /contacts quando o payload não tem os campos preenchidos" name="deve retornar 409" time="0.002">

    </testcase>
<testcase classname="POST /contacts quando o payload não tem os campos preenchidos" name="deve retornar 409" time="0.002">

    </testcase>
</testsuite>
</testsuites>
